# //  Questa Sim-64
# //  Version 10.7c win64 Aug 18 2018
# //
# //  Copyright 1991-2018 Mentor Graphics Corporation
# //  All Rights Reserved.
# //
# //  QuestaSim and its associated documentation contain trade
# //  secrets and commercial or financial information that are the property of
# //  Mentor Graphics Corporation and are privileged, confidential,
# //  and exempt from disclosure under the Freedom of Information Act,
# //  5 U.S.C. Section 552. Furthermore, this information
# //  is prohibited from disclosure under the Trade Secrets Act,
# //  18 U.S.C. Section 1905.
# //
# vsim -do "run.do" "+access" -sva -sv_seed random -wlf logs/.wlf -l logs/_sim.log -coverage work.tb "+UVM_TESTNAME=" 
# Start time: 14:37:50 on Sep 08,2025
# ** Note: (vsim-3812) Design is being optimized...
# Loading sv_std.std
# Loading mtiUvm.uvm_pkg
# Loading work.testbench_sv_unit(fast)
# Loading work.tb(fast)
# Loading mtiUvm.questa_uvm_pkg(fast)
# Loading work.ddr5_dram_if(fast)
# Loading C:/questasim64_10.7c/uvm-1.1d\win64\uvm_dpi.dll
# ** Warning: (vsim-8634) Code was not compiled with coverage options.
# Sv_Seed = 630446790
# End time: 14:38:01 on Sep 08,2025, Elapsed time: 0:00:11
# Errors: 0, Warnings: 1
